# JRE version: OpenJDK Runtime Environment Temurin-21.0.8+9 (21.0.8+9) (build 21.0.8+9-LTS)
# Java VM: OpenJDK 64-Bit Server VM Temurin-21.0.8+9 (21.0.8+9-LTS, mixed mode, sharing, tiered, compressed oops, compressed class ptrs, parallel gc, windows-amd64)
GC Precious Log:
 CardTable entry size: 512
 CPUs: 16 total, 16 available
 Memory: 15789M
 Large Page Support: Disabled
 NUMA Support: Disabled
 Compressed Oops: Enabled (32-bit)
 Alignments: Space 512K, Generation 512K, Heap 2M
 Heap Min Capacity: 100M
 Heap Initial Capacity: 100M
 Heap Max Capacity: 2G
 Pre-touch: Disabled
 Parallel Workers: 13
Heap:
 PSYoungGen      total 4096K, used 1824K [0x00000000d5580000, 0x00000000d5a80000, 0x0000000100000000)
  eden space 3072K, 28% used [0x00000000d5580000,0x00000000d5658008,0x00000000d5880000)
  from space 1024K, 93% used [0x00000000d5980000,0x00000000d5a70000,0x00000000d5a80000)
  to   space 1024K, 0% used [0x00000000d5880000,0x00000000d5880000,0x00000000d5980000)
 ParOldGen       total 907264K, used 907067K [0x0000000080000000, 0x00000000b7600000, 0x00000000d5580000)
  object space 907264K, 99% used [0x0000000080000000,0x00000000b75cee40,0x00000000b7600000)
 Metaspace       used 76244K, committed 77888K, reserved 1179648K
  class space    used 7745K, committed 8512K, reserved 1048576K
GC Heap History (20 events):
Event: 42.600 GC heap before
{Heap before GC invocations=1929 (full 4):
 PSYoungGen      total 3072K, used 3046K [0x00000000d5580000, 0x00000000d5e00000, 0x0000000100000000)
  eden space 2048K, 100% used [0x00000000d5580000,0x00000000d5780000,0x00000000d5780000)
  from space 1024K, 97% used [0x00000000d5a80000,0x00000000d5b79bb8,0x00000000d5b80000)
  to   space 3072K, 0% used [0x00000000d5780000,0x00000000d5780000,0x00000000d5a80000)
 ParOldGen       total 897024K, used 896643K [0x0000000080000000, 0x00000000b6c00000, 0x00000000d5580000)
  object space 897024K, 99% used [0x0000000080000000,0x00000000b6ba0d48,0x00000000b6c00000)
 Metaspace       used 76244K, committed 77888K, reserved 1179648K
  class space    used 7745K, committed 8512K, reserved 1048576K
}
Event: 42.603 GC heap after
{Heap after GC invocations=1929 (full 4):
 PSYoungGen      total 3584K, used 1464K [0x00000000d5580000, 0x00000000d5c00000, 0x0000000100000000)
  eden space 2048K, 0% used [0x00000000d5580000,0x00000000d5580000,0x00000000d5780000)
  from space 1536K, 95% used [0x00000000d5780000,0x00000000d58ee1c8,0x00000000d5900000)
  to   space 2048K, 0% used [0x00000000d5a00000,0x00000000d5a00000,0x00000000d5c00000)
 ParOldGen       total 898048K, used 897638K [0x0000000080000000, 0x00000000b6d00000, 0x00000000d5580000)
  object space 898048K, 99% used [0x0000000080000000,0x00000000b6c99828,0x00000000b6d00000)
 Metaspace       used 76244K, committed 77888K, reserved 1179648K
  class space    used 7745K, committed 8512K, reserved 1048576K
}
Event: 42.622 GC heap before
{Heap before GC invocations=1930 (full 4):
 PSYoungGen      total 3584K, used 3512K [0x00000000d5580000, 0x00000000d5c00000, 0x0000000100000000)
  eden space 2048K, 100% used [0x00000000d5580000,0x00000000d5780000,0x00000000d5780000)
  from space 1536K, 95% used [0x00000000d5780000,0x00000000d58ee1c8,0x00000000d5900000)
  to   space 2048K, 0% used [0x00000000d5a00000,0x00000000d5a00000,0x00000000d5c00000)
 ParOldGen       total 898048K, used 897638K [0x0000000080000000, 0x00000000b6d00000, 0x00000000d5580000)
  object space 898048K, 99% used [0x0000000080000000,0x00000000b6c99828,0x00000000b6d00000)
 Metaspace       used 76244K, committed 77888K, reserved 1179648K
  class space    used 7745K, committed 8512K, reserved 1048576K
}
Event: 42.625 GC heap after
{Heap after GC invocations=1930 (full 4):
 PSYoungGen      total 3584K, used 1035K [0x00000000d5580000, 0x00000000d5b80000, 0x0000000100000000)
  eden space 2048K, 0% used [0x00000000d5580000,0x00000000d5580000,0x00000000d5780000)
  from space 1536K, 67% used [0x00000000d5a00000,0x00000000d5b02fa0,0x00000000d5b80000)
  to   space 1536K, 0% used [0x00000000d5780000,0x00000000d5780000,0x00000000d5900000)
 ParOldGen       total 899072K, used 898880K [0x0000000080000000, 0x00000000b6e00000, 0x00000000d5580000)
  object space 899072K, 99% used [0x0000000080000000,0x00000000b6dd0308,0x00000000b6e00000)
 Metaspace       used 76244K, committed 77888K, reserved 1179648K
  class space    used 7745K, committed 8512K, reserved 1048576K
}
Event: 42.631 GC heap before
{Heap before GC invocations=1931 (full 4):
 PSYoungGen      total 3584K, used 3083K [0x00000000d5580000, 0x00000000d5b80000, 0x0000000100000000)
  eden space 2048K, 100% used [0x00000000d5580000,0x00000000d5780000,0x00000000d5780000)
  from space 1536K, 67% used [0x00000000d5a00000,0x00000000d5b02fa0,0x00000000d5b80000)
  to   space 1536K, 0% used [0x00000000d5780000,0x00000000d5780000,0x00000000d5900000)
 ParOldGen       total 899072K, used 898880K [0x0000000080000000, 0x00000000b6e00000, 0x00000000d5580000)
  object space 899072K, 99% used [0x0000000080000000,0x00000000b6dd0308,0x00000000b6e00000)
 Metaspace       used 76244K, committed 77888K, reserved 1179648K
  class space    used 7745K, committed 8512K, reserved 1048576K
}
Event: 42.633 GC heap after
{Heap after GC invocations=1931 (full 4):
 PSYoungGen      total 3584K, used 1509K [0x00000000d5580000, 0x00000000d5e00000, 0x0000000100000000)
  eden space 2048K, 0% used [0x00000000d5580000,0x00000000d5580000,0x00000000d5780000)
  from space 1536K, 98% used [0x00000000d5780000,0x00000000d58f96d8,0x00000000d5900000)
  to   space 3072K, 0% used [0x00000000d5b00000,0x00000000d5b00000,0x00000000d5e00000)
 ParOldGen       total 900096K, used 899988K [0x0000000080000000, 0x00000000b6f00000, 0x00000000d5580000)
  object space 900096K, 99% used [0x0000000080000000,0x00000000b6ee5328,0x00000000b6f00000)
 Metaspace       used 76244K, committed 77888K, reserved 1179648K
  class space    used 7745K, committed 8512K, reserved 1048576K
}
Event: 42.661 GC heap before
{Heap before GC invocations=1932 (full 4):
 PSYoungGen      total 3584K, used 3557K [0x00000000d5580000, 0x00000000d5e00000, 0x0000000100000000)
  eden space 2048K, 100% used [0x00000000d5580000,0x00000000d5780000,0x00000000d5780000)
  from space 1536K, 98% used [0x00000000d5780000,0x00000000d58f96d8,0x00000000d5900000)
  to   space 3072K, 0% used [0x00000000d5b00000,0x00000000d5b00000,0x00000000d5e00000)
 ParOldGen       total 900096K, used 899988K [0x0000000080000000, 0x00000000b6f00000, 0x00000000d5580000)
  object space 900096K, 99% used [0x0000000080000000,0x00000000b6ee5328,0x00000000b6f00000)
 Metaspace       used 76244K, committed 77888K, reserved 1179648K
  class space    used 7745K, committed 8512K, reserved 1048576K
}
Event: 42.664 GC heap after
{Heap after GC invocations=1932 (full 4):
 PSYoungGen      total 3072K, used 836K [0x00000000d5580000, 0x00000000d5c00000, 0x0000000100000000)
  eden space 2048K, 0% used [0x00000000d5580000,0x00000000d5580000,0x00000000d5780000)
  from space 1024K, 81% used [0x00000000d5b00000,0x00000000d5bd1008,0x00000000d5c00000)
  to   space 1536K, 0% used [0x00000000d5900000,0x00000000d5900000,0x00000000d5a80000)
 ParOldGen       total 901632K, used 901495K [0x0000000080000000, 0x00000000b7080000, 0x00000000d5580000)
  object space 901632K, 99% used [0x0000000080000000,0x00000000b705df58,0x00000000b7080000)
 Metaspace       used 76244K, committed 77888K, reserved 1179648K
  class space    used 7745K, committed 8512K, reserved 1048576K
}
Event: 42.676 GC heap before
{Heap before GC invocations=1933 (full 4):
 PSYoungGen      total 3072K, used 2884K [0x00000000d5580000, 0x00000000d5c00000, 0x0000000100000000)
  eden space 2048K, 100% used [0x00000000d5580000,0x00000000d5780000,0x00000000d5780000)
  from space 1024K, 81% used [0x00000000d5b00000,0x00000000d5bd1008,0x00000000d5c00000)
  to   space 1536K, 0% used [0x00000000d5900000,0x00000000d5900000,0x00000000d5a80000)
 ParOldGen       total 901632K, used 901495K [0x0000000080000000, 0x00000000b7080000, 0x00000000d5580000)
  object space 901632K, 99% used [0x0000000080000000,0x00000000b705df58,0x00000000b7080000)
 Metaspace       used 76244K, committed 77888K, reserved 1179648K
  class space    used 7745K, committed 8512K, reserved 1048576K
}
Event: 42.678 GC heap after
{Heap after GC invocations=1933 (full 4):
 PSYoungGen      total 3584K, used 1362K [0x00000000d5580000, 0x00000000d5b80000, 0x0000000100000000)
  eden space 2048K, 0% used [0x00000000d5580000,0x00000000d5580000,0x00000000d5780000)
  from space 1536K, 88% used [0x00000000d5900000,0x00000000d5a54808,0x00000000d5a80000)
  to   space 1024K, 0% used [0x00000000d5a80000,0x00000000d5a80000,0x00000000d5b80000)
 ParOldGen       total 902144K, used 902011K [0x0000000080000000, 0x00000000b7100000, 0x00000000d5580000)
  object space 902144K, 99% used [0x0000000080000000,0x00000000b70ded78,0x00000000b7100000)
 Metaspace       used 76244K, committed 77888K, reserved 1179648K
  class space    used 7745K, committed 8512K, reserved 1048576K
}
Event: 42.697 GC heap before
{Heap before GC invocations=1934 (full 4):
 PSYoungGen      total 3584K, used 3410K [0x00000000d5580000, 0x00000000d5b80000, 0x0000000100000000)
  eden space 2048K, 100% used [0x00000000d5580000,0x00000000d5780000,0x00000000d5780000)
  from space 1536K, 88% used [0x00000000d5900000,0x00000000d5a54808,0x00000000d5a80000)
  to   space 1024K, 0% used [0x00000000d5a80000,0x00000000d5a80000,0x00000000d5b80000)
 ParOldGen       total 902144K, used 902011K [0x0000000080000000, 0x00000000b7100000, 0x00000000d5580000)
  object space 902144K, 99% used [0x0000000080000000,0x00000000b70ded78,0x00000000b7100000)
 Metaspace       used 76244K, committed 77888K, reserved 1179648K
  class space    used 7745K, committed 8512K, reserved 1048576K
}
Event: 42.700 GC heap after
{Heap after GC invocations=1934 (full 4):
 PSYoungGen      total 3072K, used 804K [0x00000000d5580000, 0x00000000d5b80000, 0x0000000100000000)
  eden space 2048K, 0% used [0x00000000d5580000,0x00000000d5580000,0x00000000d5780000)
  from space 1024K, 78% used [0x00000000d5a80000,0x00000000d5b49010,0x00000000d5b80000)
  to   space 1024K, 0% used [0x00000000d5980000,0x00000000d5980000,0x00000000d5a80000)
 ParOldGen       total 903168K, used 902938K [0x0000000080000000, 0x00000000b7200000, 0x00000000d5580000)
  object space 903168K, 99% used [0x0000000080000000,0x00000000b71c6ab0,0x00000000b7200000)
 Metaspace       used 76244K, committed 77888K, reserved 1179648K
  class space    used 7745K, committed 8512K, reserved 1048576K
}
Event: 42.721 GC heap before
{Heap before GC invocations=1935 (full 4):
 PSYoungGen      total 3072K, used 2852K [0x00000000d5580000, 0x00000000d5b80000, 0x0000000100000000)
  eden space 2048K, 100% used [0x00000000d5580000,0x00000000d5780000,0x00000000d5780000)
  from space 1024K, 78% used [0x00000000d5a80000,0x00000000d5b49010,0x00000000d5b80000)
  to   space 1024K, 0% used [0x00000000d5980000,0x00000000d5980000,0x00000000d5a80000)
 ParOldGen       total 903168K, used 902938K [0x0000000080000000, 0x00000000b7200000, 0x00000000d5580000)
  object space 903168K, 99% used [0x0000000080000000,0x00000000b71c6ab0,0x00000000b7200000)
 Metaspace       used 76244K, committed 77888K, reserved 1179648K
  class space    used 7745K, committed 8512K, reserved 1048576K
}
Event: 42.723 GC heap after
{Heap after GC invocations=1935 (full 4):
 PSYoungGen      total 3072K, used 768K [0x00000000d5580000, 0x00000000d5b00000, 0x0000000100000000)
  eden space 2048K, 0% used [0x00000000d5580000,0x00000000d5580000,0x00000000d5780000)
  from space 1024K, 75% used [0x00000000d5980000,0x00000000d5a40000,0x00000000d5a80000)
  to   space 512K, 0% used [0x00000000d5a80000,0x00000000d5a80000,0x00000000d5b00000)
 ParOldGen       total 903680K, used 903574K [0x0000000080000000, 0x00000000b7280000, 0x00000000d5580000)
  object space 903680K, 99% used [0x0000000080000000,0x00000000b7265830,0x00000000b7280000)
 Metaspace       used 76244K, committed 77888K, reserved 1179648K
  class space    used 7745K, committed 8512K, reserved 1048576K
}
Event: 42.743 GC heap before
{Heap before GC invocations=1936 (full 4):
 PSYoungGen      total 3072K, used 2816K [0x00000000d5580000, 0x00000000d5b00000, 0x0000000100000000)
  eden space 2048K, 100% used [0x00000000d5580000,0x00000000d5780000,0x00000000d5780000)
  from space 1024K, 75% used [0x00000000d5980000,0x00000000d5a40000,0x00000000d5a80000)
  to   space 512K, 0% used [0x00000000d5a80000,0x00000000d5a80000,0x00000000d5b00000)
 ParOldGen       total 903680K, used 903574K [0x0000000080000000, 0x00000000b7280000, 0x00000000d5580000)
  object space 903680K, 99% used [0x0000000080000000,0x00000000b7265830,0x00000000b7280000)
 Metaspace       used 76244K, committed 77888K, reserved 1179648K
  class space    used 7745K, committed 8512K, reserved 1048576K
}
Event: 42.745 GC heap after
{Heap after GC invocations=1936 (full 4):
 PSYoungGen      total 2560K, used 512K [0x00000000d5580000, 0x00000000d5b00000, 0x0000000100000000)
  eden space 2048K, 0% used [0x00000000d5580000,0x00000000d5580000,0x00000000d5780000)
  from space 512K, 100% used [0x00000000d5a80000,0x00000000d5b00000,0x00000000d5b00000)
  to   space 1536K, 0% used [0x00000000d5800000,0x00000000d5800000,0x00000000d5980000)
 ParOldGen       total 904704K, used 904480K [0x0000000080000000, 0x00000000b7380000, 0x00000000d5580000)
  object space 904704K, 99% used [0x0000000080000000,0x00000000b73480a8,0x00000000b7380000)
 Metaspace       used 76244K, committed 77888K, reserved 1179648K
  class space    used 7745K, committed 8512K, reserved 1048576K
}
Event: 42.773 GC heap before
{Heap before GC invocations=1937 (full 4):
 PSYoungGen      total 2560K, used 2560K [0x00000000d5580000, 0x00000000d5b00000, 0x0000000100000000)
  eden space 2048K, 100% used [0x00000000d5580000,0x00000000d5780000,0x00000000d5780000)
  from space 512K, 100% used [0x00000000d5a80000,0x00000000d5b00000,0x00000000d5b00000)
  to   space 1536K, 0% used [0x00000000d5800000,0x00000000d5800000,0x00000000d5980000)
 ParOldGen       total 904704K, used 904480K [0x0000000080000000, 0x00000000b7380000, 0x00000000d5580000)
  object space 904704K, 99% used [0x0000000080000000,0x00000000b73480a8,0x00000000b7380000)
 Metaspace       used 76244K, committed 77888K, reserved 1179648K
  class space    used 7745K, committed 8512K, reserved 1048576K
}
Event: 42.775 GC heap after
{Heap after GC invocations=1937 (full 4):
 PSYoungGen      total 3584K, used 928K [0x00000000d5580000, 0x00000000d5b00000, 0x0000000100000000)
  eden space 2048K, 0% used [0x00000000d5580000,0x00000000d5580000,0x00000000d5780000)
  from space 1536K, 60% used [0x00000000d5800000,0x00000000d58e8000,0x00000000d5980000)
  to   space 1536K, 0% used [0x00000000d5980000,0x00000000d5980000,0x00000000d5b00000)
 ParOldGen       total 905216K, used 904994K [0x0000000080000000, 0x00000000b7400000, 0x00000000d5580000)
  object space 905216K, 99% used [0x0000000080000000,0x00000000b73c8b70,0x00000000b7400000)
 Metaspace       used 76244K, committed 77888K, reserved 1179648K
  class space    used 7745K, committed 8512K, reserved 1048576K
}
Event: 42.813 GC heap before
{Heap before GC invocations=1938 (full 4):
 PSYoungGen      total 3584K, used 2976K [0x00000000d5580000, 0x00000000d5b00000, 0x0000000100000000)
  eden space 2048K, 100% used [0x00000000d5580000,0x00000000d5780000,0x00000000d5780000)
  from space 1536K, 60% used [0x00000000d5800000,0x00000000d58e8000,0x00000000d5980000)
  to   space 1536K, 0% used [0x00000000d5980000,0x00000000d5980000,0x00000000d5b00000)
 ParOldGen       total 905216K, used 904994K [0x0000000080000000, 0x00000000b7400000, 0x00000000d5580000)
  object space 905216K, 99% used [0x0000000080000000,0x00000000b73c8b70,0x00000000b7400000)
 Metaspace       used 76244K, committed 77888K, reserved 1179648K
  class space    used 7745K, committed 8512K, reserved 1048576K
}
Event: 43.787 GC heap after
{Heap after GC invocations=1938 (full 4):
 PSYoungGen      total 4096K, used 1024K [0x00000000d5580000, 0x00000000d5b00000, 0x0000000100000000)
  eden space 2560K, 0% used [0x00000000d5580000,0x00000000d5580000,0x00000000d5800000)
  from space 1536K, 66% used [0x00000000d5980000,0x00000000d5a80000,0x00000000d5b00000)
  to   space 1536K, 0% used [0x00000000d5800000,0x00000000d5800000,0x00000000d5980000)
 ParOldGen       total 905728K, used 905684K [0x0000000080000000, 0x00000000b7480000, 0x00000000d5580000)
  object space 905728K, 99% used [0x0000000080000000,0x00000000b7475388,0x00000000b7480000)
 Metaspace       used 76244K, committed 77888K, reserved 1179648K
  class space    used 7745K, committed 8512K, reserved 1048576K
}

